# JRE version: OpenJDK Runtime Environment (8.0_76-b03) (build 1.8.0_76-release-b03)
# Java VM: OpenJDK 64-Bit Server VM (25.76-b03 mixed mode windows-amd64 compressed oops)
Heap:
 PSYoungGen      total 106496K, used 70191K [0x00000000e0000000, 0x00000000e8000000, 0x0000000100000000)
  eden space 98304K, 65% used [0x00000000e0000000,0x00000000e3ee5800,0x00000000e6000000)
  from space 8192K, 70% used [0x00000000e6000000,0x00000000e65a6778,0x00000000e6800000)
  to   space 8704K, 0% used [0x00000000e7780000,0x00000000e7780000,0x00000000e8000000)
 ParOldGen       total 49664K, used 21358K [0x00000000a0000000, 0x00000000a3080000, 0x00000000e0000000)
  object space 49664K, 43% used [0x00000000a0000000,0x00000000a14dbac8,0x00000000a3080000)
 Metaspace       used 45891K, capacity 47136K, committed 47232K, reserved 1089536K
  class space    used 6166K, capacity 6432K, committed 6528K, reserved 1048576K
GC Heap History (10 events):
Event: 84.522 GC heap before
{Heap before GC invocations=15 (full 1):
 PSYoungGen      total 65536K, used 43606K [0x00000000e0000000, 0x00000000e5b80000, 0x0000000100000000)
  eden space 58368K, 64% used [0x00000000e0000000,0x00000000e24d8b98,0x00000000e3900000)
  from space 7168K, 81% used [0x00000000e3900000,0x00000000e3ebcd58,0x00000000e4000000)
  to   space 7680K, 0% used [0x00000000e5400000,0x00000000e5400000,0x00000000e5b80000)
 ParOldGen       total 31744K, used 11758K [0x00000000a0000000, 0x00000000a1f00000, 0x00000000e0000000)
  object space 31744K, 37% used [0x00000000a0000000,0x00000000a0b7bb30,0x00000000a1f00000)
 Metaspace       used 34719K, capacity 35382K, committed 35496K, reserved 1079296K
  class space    used 4681K, capacity 4856K, committed 4864K, reserved 1048576K
Event: 84.542 GC heap after
Heap after GC invocations=15 (full 1):
 PSYoungGen      total 86016K, used 3020K [0x00000000e0000000, 0x00000000e5b80000, 0x0000000100000000)
  eden space 78336K, 0% used [0x00000000e0000000,0x00000000e0000000,0x00000000e4c80000)
  from space 7680K, 39% used [0x00000000e5400000,0x00000000e56f33e8,0x00000000e5b80000)
  to   space 7680K, 0% used [0x00000000e4c80000,0x00000000e4c80000,0x00000000e5400000)
 ParOldGen       total 31744K, used 13740K [0x00000000a0000000, 0x00000000a1f00000, 0x00000000e0000000)
  object space 31744K, 43% used [0x00000000a0000000,0x00000000a0d6b370,0x00000000a1f00000)
 Metaspace       used 34719K, capacity 35382K, committed 35496K, reserved 1079296K
  class space    used 4681K, capacity 4856K, committed 4864K, reserved 1048576K
}
Event: 84.542 GC heap before
{Heap before GC invocations=16 (full 2):
 PSYoungGen      total 86016K, used 3020K [0x00000000e0000000, 0x00000000e5b80000, 0x0000000100000000)
  eden space 78336K, 0% used [0x00000000e0000000,0x00000000e0000000,0x00000000e4c80000)
  from space 7680K, 39% used [0x00000000e5400000,0x00000000e56f33e8,0x00000000e5b80000)
  to   space 7680K, 0% used [0x00000000e4c80000,0x00000000e4c80000,0x00000000e5400000)
 ParOldGen       total 31744K, used 13740K [0x00000000a0000000, 0x00000000a1f00000, 0x00000000e0000000)
  object space 31744K, 43% used [0x00000000a0000000,0x00000000a0d6b370,0x00000000a1f00000)
 Metaspace       used 34719K, capacity 35382K, committed 35496K, reserved 1079296K
  class space    used 4681K, capacity 4856K, committed 4864K, reserved 1048576K
Event: 84.939 GC heap after
Heap after GC invocations=16 (full 2):
 PSYoungGen      total 86016K, used 0K [0x00000000e0000000, 0x00000000e5b80000, 0x0000000100000000)
  eden space 78336K, 0% used [0x00000000e0000000,0x00000000e0000000,0x00000000e4c80000)
  from space 7680K, 0% used [0x00000000e5400000,0x00000000e5400000,0x00000000e5b80000)
  to   space 7680K, 0% used [0x00000000e4c80000,0x00000000e4c80000,0x00000000e5400000)
 ParOldGen       total 49664K, used 15737K [0x00000000a0000000, 0x00000000a3080000, 0x00000000e0000000)
  object space 49664K, 31% used [0x00000000a0000000,0x00000000a0f5e6d0,0x00000000a3080000)
 Metaspace       used 34719K, capacity 35382K, committed 35496K, reserved 1079296K
  class space    used 4681K, capacity 4856K, committed 4864K, reserved 1048576K
}
Event: 106.446 GC heap before
{Heap before GC invocations=17 (full 2):
 PSYoungGen      total 86016K, used 78336K [0x00000000e0000000, 0x00000000e5b80000, 0x0000000100000000)
  eden space 78336K, 100% used [0x00000000e0000000,0x00000000e4c80000,0x00000000e4c80000)
  from space 7680K, 0% used [0x00000000e5400000,0x00000000e5400000,0x00000000e5b80000)
  to   space 7680K, 0% used [0x00000000e4c80000,0x00000000e4c80000,0x00000000e5400000)
 ParOldGen       total 49664K, used 15737K [0x00000000a0000000, 0x00000000a3080000, 0x00000000e0000000)
  object space 49664K, 31% used [0x00000000a0000000,0x00000000a0f5e6d0,0x00000000a3080000)
 Metaspace       used 41479K, capacity 42404K, committed 42752K, reserved 1085440K
  class space    used 5568K, capacity 5802K, committed 5888K, reserved 1048576K
Event: 106.476 GC heap after
Heap after GC invocations=17 (full 2):
 PSYoungGen      total 86016K, used 7666K [0x00000000e0000000, 0x00000000e7280000, 0x0000000100000000)
  eden space 78336K, 0% used [0x00000000e0000000,0x00000000e0000000,0x00000000e4c80000)
  from space 7680K, 99% used [0x00000000e4c80000,0x00000000e53fca98,0x00000000e5400000)
  to   space 8704K, 0% used [0x00000000e6a00000,0x00000000e6a00000,0x00000000e7280000)
 ParOldGen       total 49664K, used 16007K [0x00000000a0000000, 0x00000000a3080000, 0x00000000e0000000)
  object space 49664K, 32% used [0x00000000a0000000,0x00000000a0fa1de8,0x00000000a3080000)
 Metaspace       used 41479K, capacity 42404K, committed 42752K, reserved 1085440K
  class space    used 5568K, capacity 5802K, committed 5888K, reserved 1048576K
}
Event: 116.597 GC heap before
{Heap before GC invocations=18 (full 2):
 PSYoungGen      total 86016K, used 86002K [0x00000000e0000000, 0x00000000e7280000, 0x0000000100000000)
  eden space 78336K, 100% used [0x00000000e0000000,0x00000000e4c80000,0x00000000e4c80000)
  from space 7680K, 99% used [0x00000000e4c80000,0x00000000e53fca98,0x00000000e5400000)
  to   space 8704K, 0% used [0x00000000e6a00000,0x00000000e6a00000,0x00000000e7280000)
 ParOldGen       total 49664K, used 16007K [0x00000000a0000000, 0x00000000a3080000, 0x00000000e0000000)
  object space 49664K, 32% used [0x00000000a0000000,0x00000000a0fa1de8,0x00000000a3080000)
 Metaspace       used 42019K, capacity 42936K, committed 43264K, reserved 1087488K
  class space    used 5599K, capacity 5804K, committed 5888K, reserved 1048576K
Event: 116.636 GC heap after
Heap after GC invocations=18 (full 2):
 PSYoungGen      total 104448K, used 4591K [0x00000000e0000000, 0x00000000e7000000, 0x0000000100000000)
  eden space 98304K, 0% used [0x00000000e0000000,0x00000000e0000000,0x00000000e6000000)
  from space 6144K, 74% used [0x00000000e6a00000,0x00000000e6e7bda0,0x00000000e7000000)
  to   space 8192K, 0% used [0x00000000e6000000,0x00000000e6000000,0x00000000e6800000)
 ParOldGen       total 49664K, used 21350K [0x00000000a0000000, 0x00000000a3080000, 0x00000000e0000000)
  object space 49664K, 42% used [0x00000000a0000000,0x00000000a14d9ac8,0x00000000a3080000)
 Metaspace       used 42019K, capacity 42936K, committed 43264K, reserved 1087488K
  class space    used 5599K, capacity 5804K, committed 5888K, reserved 1048576K
}
Event: 123.185 GC heap before
{Heap before GC invocations=19 (full 2):
 PSYoungGen      total 104448K, used 102895K [0x00000000e0000000, 0x00000000e7000000, 0x0000000100000000)
  eden space 98304K, 100% used [0x00000000e0000000,0x00000000e6000000,0x00000000e6000000)
  from space 6144K, 74% used [0x00000000e6a00000,0x00000000e6e7bda0,0x00000000e7000000)
  to   space 8192K, 0% used [0x00000000e6000000,0x00000000e6000000,0x00000000e6800000)
 ParOldGen       total 49664K, used 21350K [0x00000000a0000000, 0x00000000a3080000, 0x00000000e0000000)
  object space 49664K, 42% used [0x00000000a0000000,0x00000000a14d9ac8,0x00000000a3080000)
 Metaspace       used 43043K, capacity 44010K, committed 44160K, reserved 1087488K
  class space    used 5718K, capacity 5983K, committed 6016K, reserved 1048576K
Event: 123.201 GC heap after
Heap after GC invocations=19 (full 2):
 PSYoungGen      total 106496K, used 5785K [0x00000000e0000000, 0x00000000e8000000, 0x0000000100000000)
  eden space 98304K, 0% used [0x00000000e0000000,0x00000000e0000000,0x00000000e6000000)
  from space 8192K, 70% used [0x00000000e6000000,0x00000000e65a6778,0x00000000e6800000)
  to   space 8704K, 0% used [0x00000000e7780000,0x00000000e7780000,0x00000000e8000000)
 ParOldGen       total 49664K, used 21358K [0x00000000a0000000, 0x00000000a3080000, 0x00000000e0000000)
  object space 49664K, 43% used [0x00000000a0000000,0x00000000a14dbac8,0x00000000a3080000)
 Metaspace       used 43043K, capacity 44010K, committed 44160K, reserved 1087488K
  class space    used 5718K, capacity 5983K, committed 6016K, reserved 1048576K
}

